<?xml version="1.0" encoding="UTF-8"?>
<testsuite name="booking_tests.TestLogin-20220213004206" tests="4" file="booking_tests.py" time="0.009" timestamp="2022-02-13T00:42:07" failures="0" errors="0" skipped="0">
	<testcase classname="booking_tests.TestLogin" name="test_check_admin_login" time="0.006" timestamp="2022-02-13T00:42:07"/>
	<testcase classname="booking_tests.TestLogin" name="test_check_staff_login" time="0.001" timestamp="2022-02-13T00:42:07"/>
	<testcase classname="booking_tests.TestLogin" name="test_check_student_login" time="0.001" timestamp="2022-02-13T00:42:07"/>
	<testcase classname="booking_tests.TestLogin" name="test_user_condition" time="0.001" timestamp="2022-02-13T00:42:07"/>
</testsuite>
