<?xml version="1.0" encoding="UTF-8"?>
<testsuite name="dishes_tests.TestMenu-20220213004206" tests="1" file="dishes_tests.py" time="0.009" timestamp="2022-02-13T00:42:07" failures="0" errors="0" skipped="0">
	<testcase classname="dishes_tests.TestMenu" name="test_display_menu" time="0.009" timestamp="2022-02-13T00:42:07"/>
</testsuite>
